c:\users\void_\desktop\workspace\awgbchecktool\awgbchecktool\debug\uic\ui_configureguide.h
c:\users\void_\desktop\workspace\awgbchecktool\awgbchecktool\debug\uic\ui_awgbchecktool.h
c:\users\void_\desktop\workspace\awgbchecktool\awgbchecktool\debug\rcc\qrc_awgbchecktool.cpp
c:\users\void_\desktop\workspace\awgbchecktool\awgbchecktool\debug\moc\moc_awgbchecktool.cpp
c:\users\void_\desktop\workspace\awgbchecktool\awgbchecktool\debug\moc\moc_configureguide.cpp
c:\users\void_\desktop\workspace\awgbchecktool\awgbchecktool\debug\vc142.pdb
c:\users\void_\desktop\workspace\awgbchecktool\awgbchecktool\debug\main.obj
c:\users\void_\desktop\workspace\awgbchecktool\awgbchecktool\debug\moc_configureguide.obj
c:\users\void_\desktop\workspace\awgbchecktool\awgbchecktool\debug\qrc_awgbchecktool.obj
c:\users\void_\desktop\workspace\awgbchecktool\awgbchecktool\debug\moc_awgbchecktool.obj
c:\users\void_\desktop\workspace\awgbchecktool\awgbchecktool\debug\configureguide.obj
c:\users\void_\desktop\workspace\awgbchecktool\awgbchecktool\debug\awgbchecktool.obj
c:\users\void_\desktop\workspace\awgbchecktool\debug\awgbchecktool.exe
c:\users\void_\desktop\workspace\awgbchecktool\debug\awgbchecktool.ilk
c:\users\void_\desktop\workspace\awgbchecktool\debug\awgbchecktool.pdb
c:\users\void_\desktop\workspace\awgbchecktool\awgbchecktool\debug\\moc\moc_awgbchecktool.cpp
c:\users\void_\desktop\workspace\awgbchecktool\awgbchecktool\debug\\moc\moc_configureguide.cpp
c:\users\void_\desktop\workspace\awgbchecktool\awgbchecktool\debug\\rcc\qrc_awgbchecktool.cpp
c:\users\void_\desktop\workspace\awgbchecktool\awgbchecktool\debug\\uic\ui_configureguide.h
c:\users\void_\desktop\workspace\awgbchecktool\awgbchecktool\debug\awgbchecktool.tlog\awgbchecktool.write.1u.tlog
c:\users\void_\desktop\workspace\awgbchecktool\awgbchecktool\debug\awgbchecktool.tlog\cl.command.1.tlog
c:\users\void_\desktop\workspace\awgbchecktool\awgbchecktool\debug\awgbchecktool.tlog\cl.read.1.tlog
c:\users\void_\desktop\workspace\awgbchecktool\awgbchecktool\debug\awgbchecktool.tlog\cl.write.1.tlog
c:\users\void_\desktop\workspace\awgbchecktool\awgbchecktool\debug\awgbchecktool.tlog\link.command.1.tlog
c:\users\void_\desktop\workspace\awgbchecktool\awgbchecktool\debug\awgbchecktool.tlog\link.read.1.tlog
c:\users\void_\desktop\workspace\awgbchecktool\awgbchecktool\debug\awgbchecktool.tlog\link.write.1.tlog
c:\users\void_\desktop\workspace\awgbchecktool\awgbchecktool\debug\awgbchecktool.tlog\moc.read.1u.tlog
c:\users\void_\desktop\workspace\awgbchecktool\awgbchecktool\debug\awgbchecktool.tlog\moc.write.1u.tlog
c:\users\void_\desktop\workspace\awgbchecktool\awgbchecktool\debug\awgbchecktool.tlog\rcc.read.1u.tlog
c:\users\void_\desktop\workspace\awgbchecktool\awgbchecktool\debug\awgbchecktool.tlog\rcc.write.1u.tlog
c:\users\void_\desktop\workspace\awgbchecktool\awgbchecktool\debug\awgbchecktool.tlog\uic.read.1u.tlog
c:\users\void_\desktop\workspace\awgbchecktool\awgbchecktool\debug\awgbchecktool.tlog\uic.write.1u.tlog
